文法

    0 $accept: start $end

    1 start: initialize models

    2 initialize: /* 空白 */

    3 models: models model
    4       | model

    5 model: MODEL_SOURCE '=' NAME
    6      | MODEL add_model '(' model_port ')' '(' model_bodies ')'

    7 add_model: NAME

    8 model_port: list

    9 model_bodies: model_bodies model_body
   10             | model_body

   11 model_body: body_net '(' attributes ')'
   12           | body_net '(' ')'

   13 body_net: body_type '(' list ')'

   14 body_type: INPUT
   15          | OUTPUT
   16          | INOUT
   17          | INTERN

   18 attributes: attributes attribute
   19           | attribute

   20 attribute: primitive
   21          | instance

   22 primitive: PRIMITIVE '=' NAME NAME '(' list ')' ';'
   23          | PRIMITIVE '=' NAME '(' list ')' ';'

   24 instance: INSTANCE '=' NAME NAME '(' list ')' ';'
   25         | INSTANCE '=' NAME '(' list ')' ';'
   26         | INSTANCE '=' NAME NAME '(' mapping_list ')' ';'
   27         | INSTANCE '=' NAME '(' mapping_list ')' ';'

   28 list: list ',' NAME
   29     | list ','
   30     | NAME
   31     | /* 空白 */

   32 mapping_list: mapping_list ',' '.' NAME '(' NAME ')'
   33             | '.' NAME '(' NAME ')'


終結語詞，附有它們出現處的規則

$end (0) 0
'(' (40) 6 11 12 13 22 23 24 25 26 27 32 33
')' (41) 6 11 12 13 22 23 24 25 26 27 32 33
',' (44) 28 29 32
'.' (46) 32 33
';' (59) 22 23 24 25 26 27
'=' (61) 5 22 23 24 25 26 27
error (256)
MODEL (258) 6
MODEL_SOURCE (259) 5
INPUT (260) 14
OUTPUT (261) 15
INOUT (262) 16
INTERN (263) 17
PRIMITIVE (264) 22 23
INSTANCE (265) 24 25 26 27
NAME (266) 5 7 22 23 24 25 26 27 28 30 32 33


非終結語詞，附有它們出現處的規則

$accept (18)
   於左側： 0
start (19)
   於左側： 1,於右側： 0
initialize (20)
   於左側： 2,於右側： 1
models (21)
   於左側： 3 4,於右側： 1 3
model (22)
   於左側： 5 6,於右側： 3 4
add_model (23)
   於左側： 7,於右側： 6
model_port (24)
   於左側： 8,於右側： 6
model_bodies (25)
   於左側： 9 10,於右側： 6 9
model_body (26)
   於左側： 11 12,於右側： 9 10
body_net (27)
   於左側： 13,於右側： 11 12
body_type (28)
   於左側： 14 15 16 17,於右側： 13
attributes (29)
   於左側： 18 19,於右側： 11 18
attribute (30)
   於左側： 20 21,於右側： 18 19
primitive (31)
   於左側： 22 23,於右側： 20
instance (32)
   於左側： 24 25 26 27,於右側： 21
list (33)
   於左側： 28 29 30 31,於右側： 8 13 22 23 24 25 28 29
mapping_list (34)
   於左側： 32 33,於右側： 26 27 32


State 0

    0 $accept: . start $end

    $預設  使用規則 2 以縮減 (initialize)

    start       進入狀態 1
    initialize  進入狀態 2


State 1

    0 $accept: start . $end

    $end  偏移，並進入狀態 3


State 2

    1 start: initialize . models

    MODEL         偏移，並進入狀態 4
    MODEL_SOURCE  偏移，並進入狀態 5

    models  進入狀態 6
    model   進入狀態 7


State 3

    0 $accept: start $end .

    $預設  接受


State 4

    6 model: MODEL . add_model '(' model_port ')' '(' model_bodies ')'

    NAME  偏移，並進入狀態 8

    add_model  進入狀態 9


State 5

    5 model: MODEL_SOURCE . '=' NAME

    '='  偏移，並進入狀態 10


State 6

    1 start: initialize models .
    3 models: models . model

    MODEL         偏移，並進入狀態 4
    MODEL_SOURCE  偏移，並進入狀態 5

    $預設  使用規則 1 以縮減 (start)

    model  進入狀態 11


State 7

    4 models: model .

    $預設  使用規則 4 以縮減 (models)


State 8

    7 add_model: NAME .

    $預設  使用規則 7 以縮減 (add_model)


State 9

    6 model: MODEL add_model . '(' model_port ')' '(' model_bodies ')'

    '('  偏移，並進入狀態 12


State 10

    5 model: MODEL_SOURCE '=' . NAME

    NAME  偏移，並進入狀態 13


State 11

    3 models: models model .

    $預設  使用規則 3 以縮減 (models)


State 12

    6 model: MODEL add_model '(' . model_port ')' '(' model_bodies ')'

    NAME  偏移，並進入狀態 14

    $預設  使用規則 31 以縮減 (list)

    model_port  進入狀態 15
    list        進入狀態 16


State 13

    5 model: MODEL_SOURCE '=' NAME .

    $預設  使用規則 5 以縮減 (model)


State 14

   30 list: NAME .

    $預設  使用規則 30 以縮減 (list)


State 15

    6 model: MODEL add_model '(' model_port . ')' '(' model_bodies ')'

    ')'  偏移，並進入狀態 17


State 16

    8 model_port: list .
   28 list: list . ',' NAME
   29     | list . ','

    ','  偏移，並進入狀態 18

    $預設  使用規則 8 以縮減 (model_port)


State 17

    6 model: MODEL add_model '(' model_port ')' . '(' model_bodies ')'

    '('  偏移，並進入狀態 19


State 18

   28 list: list ',' . NAME
   29     | list ',' .

    NAME  偏移，並進入狀態 20

    $預設  使用規則 29 以縮減 (list)


State 19

    6 model: MODEL add_model '(' model_port ')' '(' . model_bodies ')'

    INPUT   偏移，並進入狀態 21
    OUTPUT  偏移，並進入狀態 22
    INOUT   偏移，並進入狀態 23
    INTERN  偏移，並進入狀態 24

    model_bodies  進入狀態 25
    model_body    進入狀態 26
    body_net      進入狀態 27
    body_type     進入狀態 28


State 20

   28 list: list ',' NAME .

    $預設  使用規則 28 以縮減 (list)


State 21

   14 body_type: INPUT .

    $預設  使用規則 14 以縮減 (body_type)


State 22

   15 body_type: OUTPUT .

    $預設  使用規則 15 以縮減 (body_type)


State 23

   16 body_type: INOUT .

    $預設  使用規則 16 以縮減 (body_type)


State 24

   17 body_type: INTERN .

    $預設  使用規則 17 以縮減 (body_type)


State 25

    6 model: MODEL add_model '(' model_port ')' '(' model_bodies . ')'
    9 model_bodies: model_bodies . model_body

    INPUT   偏移，並進入狀態 21
    OUTPUT  偏移，並進入狀態 22
    INOUT   偏移，並進入狀態 23
    INTERN  偏移，並進入狀態 24
    ')'     偏移，並進入狀態 29

    model_body  進入狀態 30
    body_net    進入狀態 27
    body_type   進入狀態 28


State 26

   10 model_bodies: model_body .

    $預設  使用規則 10 以縮減 (model_bodies)


State 27

   11 model_body: body_net . '(' attributes ')'
   12           | body_net . '(' ')'

    '('  偏移，並進入狀態 31


State 28

   13 body_net: body_type . '(' list ')'

    '('  偏移，並進入狀態 32


State 29

    6 model: MODEL add_model '(' model_port ')' '(' model_bodies ')' .

    $預設  使用規則 6 以縮減 (model)


State 30

    9 model_bodies: model_bodies model_body .

    $預設  使用規則 9 以縮減 (model_bodies)


State 31

   11 model_body: body_net '(' . attributes ')'
   12           | body_net '(' . ')'

    PRIMITIVE  偏移，並進入狀態 33
    INSTANCE   偏移，並進入狀態 34
    ')'        偏移，並進入狀態 35

    attributes  進入狀態 36
    attribute   進入狀態 37
    primitive   進入狀態 38
    instance    進入狀態 39


State 32

   13 body_net: body_type '(' . list ')'

    NAME  偏移，並進入狀態 14

    $預設  使用規則 31 以縮減 (list)

    list  進入狀態 40


State 33

   22 primitive: PRIMITIVE . '=' NAME NAME '(' list ')' ';'
   23          | PRIMITIVE . '=' NAME '(' list ')' ';'

    '='  偏移，並進入狀態 41


State 34

   24 instance: INSTANCE . '=' NAME NAME '(' list ')' ';'
   25         | INSTANCE . '=' NAME '(' list ')' ';'
   26         | INSTANCE . '=' NAME NAME '(' mapping_list ')' ';'
   27         | INSTANCE . '=' NAME '(' mapping_list ')' ';'

    '='  偏移，並進入狀態 42


State 35

   12 model_body: body_net '(' ')' .

    $預設  使用規則 12 以縮減 (model_body)


State 36

   11 model_body: body_net '(' attributes . ')'
   18 attributes: attributes . attribute

    PRIMITIVE  偏移，並進入狀態 33
    INSTANCE   偏移，並進入狀態 34
    ')'        偏移，並進入狀態 43

    attribute  進入狀態 44
    primitive  進入狀態 38
    instance   進入狀態 39


State 37

   19 attributes: attribute .

    $預設  使用規則 19 以縮減 (attributes)


State 38

   20 attribute: primitive .

    $預設  使用規則 20 以縮減 (attribute)


State 39

   21 attribute: instance .

    $預設  使用規則 21 以縮減 (attribute)


State 40

   13 body_net: body_type '(' list . ')'
   28 list: list . ',' NAME
   29     | list . ','

    ')'  偏移，並進入狀態 45
    ','  偏移，並進入狀態 18


State 41

   22 primitive: PRIMITIVE '=' . NAME NAME '(' list ')' ';'
   23          | PRIMITIVE '=' . NAME '(' list ')' ';'

    NAME  偏移，並進入狀態 46


State 42

   24 instance: INSTANCE '=' . NAME NAME '(' list ')' ';'
   25         | INSTANCE '=' . NAME '(' list ')' ';'
   26         | INSTANCE '=' . NAME NAME '(' mapping_list ')' ';'
   27         | INSTANCE '=' . NAME '(' mapping_list ')' ';'

    NAME  偏移，並進入狀態 47


State 43

   11 model_body: body_net '(' attributes ')' .

    $預設  使用規則 11 以縮減 (model_body)


State 44

   18 attributes: attributes attribute .

    $預設  使用規則 18 以縮減 (attributes)


State 45

   13 body_net: body_type '(' list ')' .

    $預設  使用規則 13 以縮減 (body_net)


State 46

   22 primitive: PRIMITIVE '=' NAME . NAME '(' list ')' ';'
   23          | PRIMITIVE '=' NAME . '(' list ')' ';'

    NAME  偏移，並進入狀態 48
    '('   偏移，並進入狀態 49


State 47

   24 instance: INSTANCE '=' NAME . NAME '(' list ')' ';'
   25         | INSTANCE '=' NAME . '(' list ')' ';'
   26         | INSTANCE '=' NAME . NAME '(' mapping_list ')' ';'
   27         | INSTANCE '=' NAME . '(' mapping_list ')' ';'

    NAME  偏移，並進入狀態 50
    '('   偏移，並進入狀態 51


State 48

   22 primitive: PRIMITIVE '=' NAME NAME . '(' list ')' ';'

    '('  偏移，並進入狀態 52


State 49

   23 primitive: PRIMITIVE '=' NAME '(' . list ')' ';'

    NAME  偏移，並進入狀態 14

    $預設  使用規則 31 以縮減 (list)

    list  進入狀態 53


State 50

   24 instance: INSTANCE '=' NAME NAME . '(' list ')' ';'
   26         | INSTANCE '=' NAME NAME . '(' mapping_list ')' ';'

    '('  偏移，並進入狀態 54


State 51

   25 instance: INSTANCE '=' NAME '(' . list ')' ';'
   27         | INSTANCE '=' NAME '(' . mapping_list ')' ';'

    NAME  偏移，並進入狀態 14
    '.'   偏移，並進入狀態 55

    $預設  使用規則 31 以縮減 (list)

    list          進入狀態 56
    mapping_list  進入狀態 57


State 52

   22 primitive: PRIMITIVE '=' NAME NAME '(' . list ')' ';'

    NAME  偏移，並進入狀態 14

    $預設  使用規則 31 以縮減 (list)

    list  進入狀態 58


State 53

   23 primitive: PRIMITIVE '=' NAME '(' list . ')' ';'
   28 list: list . ',' NAME
   29     | list . ','

    ')'  偏移，並進入狀態 59
    ','  偏移，並進入狀態 18


State 54

   24 instance: INSTANCE '=' NAME NAME '(' . list ')' ';'
   26         | INSTANCE '=' NAME NAME '(' . mapping_list ')' ';'

    NAME  偏移，並進入狀態 14
    '.'   偏移，並進入狀態 55

    $預設  使用規則 31 以縮減 (list)

    list          進入狀態 60
    mapping_list  進入狀態 61


State 55

   33 mapping_list: '.' . NAME '(' NAME ')'

    NAME  偏移，並進入狀態 62


State 56

   25 instance: INSTANCE '=' NAME '(' list . ')' ';'
   28 list: list . ',' NAME
   29     | list . ','

    ')'  偏移，並進入狀態 63
    ','  偏移，並進入狀態 18


State 57

   27 instance: INSTANCE '=' NAME '(' mapping_list . ')' ';'
   32 mapping_list: mapping_list . ',' '.' NAME '(' NAME ')'

    ')'  偏移，並進入狀態 64
    ','  偏移，並進入狀態 65


State 58

   22 primitive: PRIMITIVE '=' NAME NAME '(' list . ')' ';'
   28 list: list . ',' NAME
   29     | list . ','

    ')'  偏移，並進入狀態 66
    ','  偏移，並進入狀態 18


State 59

   23 primitive: PRIMITIVE '=' NAME '(' list ')' . ';'

    ';'  偏移，並進入狀態 67


State 60

   24 instance: INSTANCE '=' NAME NAME '(' list . ')' ';'
   28 list: list . ',' NAME
   29     | list . ','

    ')'  偏移，並進入狀態 68
    ','  偏移，並進入狀態 18


State 61

   26 instance: INSTANCE '=' NAME NAME '(' mapping_list . ')' ';'
   32 mapping_list: mapping_list . ',' '.' NAME '(' NAME ')'

    ')'  偏移，並進入狀態 69
    ','  偏移，並進入狀態 65


State 62

   33 mapping_list: '.' NAME . '(' NAME ')'

    '('  偏移，並進入狀態 70


State 63

   25 instance: INSTANCE '=' NAME '(' list ')' . ';'

    ';'  偏移，並進入狀態 71


State 64

   27 instance: INSTANCE '=' NAME '(' mapping_list ')' . ';'

    ';'  偏移，並進入狀態 72


State 65

   32 mapping_list: mapping_list ',' . '.' NAME '(' NAME ')'

    '.'  偏移，並進入狀態 73


State 66

   22 primitive: PRIMITIVE '=' NAME NAME '(' list ')' . ';'

    ';'  偏移，並進入狀態 74


State 67

   23 primitive: PRIMITIVE '=' NAME '(' list ')' ';' .

    $預設  使用規則 23 以縮減 (primitive)


State 68

   24 instance: INSTANCE '=' NAME NAME '(' list ')' . ';'

    ';'  偏移，並進入狀態 75


State 69

   26 instance: INSTANCE '=' NAME NAME '(' mapping_list ')' . ';'

    ';'  偏移，並進入狀態 76


State 70

   33 mapping_list: '.' NAME '(' . NAME ')'

    NAME  偏移，並進入狀態 77


State 71

   25 instance: INSTANCE '=' NAME '(' list ')' ';' .

    $預設  使用規則 25 以縮減 (instance)


State 72

   27 instance: INSTANCE '=' NAME '(' mapping_list ')' ';' .

    $預設  使用規則 27 以縮減 (instance)


State 73

   32 mapping_list: mapping_list ',' '.' . NAME '(' NAME ')'

    NAME  偏移，並進入狀態 78


State 74

   22 primitive: PRIMITIVE '=' NAME NAME '(' list ')' ';' .

    $預設  使用規則 22 以縮減 (primitive)


State 75

   24 instance: INSTANCE '=' NAME NAME '(' list ')' ';' .

    $預設  使用規則 24 以縮減 (instance)


State 76

   26 instance: INSTANCE '=' NAME NAME '(' mapping_list ')' ';' .

    $預設  使用規則 26 以縮減 (instance)


State 77

   33 mapping_list: '.' NAME '(' NAME . ')'

    ')'  偏移，並進入狀態 79


State 78

   32 mapping_list: mapping_list ',' '.' NAME . '(' NAME ')'

    '('  偏移，並進入狀態 80


State 79

   33 mapping_list: '.' NAME '(' NAME ')' .

    $預設  使用規則 33 以縮減 (mapping_list)


State 80

   32 mapping_list: mapping_list ',' '.' NAME '(' . NAME ')'

    NAME  偏移，並進入狀態 81


State 81

   32 mapping_list: mapping_list ',' '.' NAME '(' NAME . ')'

    ')'  偏移，並進入狀態 82


State 82

   32 mapping_list: mapping_list ',' '.' NAME '(' NAME ')' .

    $預設  使用規則 32 以縮減 (mapping_list)
